<?xml version="1.0" encoding="UTF-8"?>
<testsuite name="com.example.agicoding.StringServiceTest" tests="1" skipped="0" failures="0" errors="0" timestamp="2022-10-10T18:29:05" hostname="Amnas-MacBook-Pro.local" time="0.063">
  <properties/>
  <testcase name="fizzBuzz()" classname="com.example.agicoding.StringServiceTest" time="0.063"/>
  <system-out><![CDATA[]]></system-out>
  <system-err><![CDATA[]]></system-err>
</testsuite>
